<?xml version="1.0" encoding="UTF-8"?>
<!-- Generated by org.testng.reporters.JUnitReportReporter -->
<testsuite hostname="INHNJLPT-978465" failures="0" tests="1" name="testCases.TC_002_LoginTest" time="1.393" errors="0" timestamp="2023-10-24T21:28:11 IST" skipped="0">
  <testcase classname="testCases.TC_002_LoginTest" name="test_Login" time="1.393"/>
</testsuite> <!-- testCases.TC_002_LoginTest -->
