<?xml version="1.0" encoding="UTF-8"?>
<!-- Generated by org.testng.reporters.JUnitReportReporter -->
<testsuite hostname="INHNJLPT-978465" failures="0" tests="1" name="testCases.TC_001_AccountRegistrationTest" time="3.238" errors="0" timestamp="2023-10-24T21:28:11 IST" skipped="0">
  <testcase classname="testCases.TC_001_AccountRegistrationTest" name="test_accountRegistration" time="3.238"/>
</testsuite> <!-- testCases.TC_001_AccountRegistrationTest -->
